Build started 3/8/2014 11:17:23 AM.
     1>Project "C:\C++\FaceDetection\SOMClassifier\SOMClassifier.vcxproj" on node 2 (build target(s)).
     1>InitializeBuildStatus:
         Creating "Debug\SOMClassifier.unsuccessfulbuild" because "AlwaysCreate" was specified.
       ClCompile:
         All outputs are up-to-date.
         c:\Program Files (x86)\Microsoft Visual Studio 10.0\VC\bin\CL.exe /c /ZI /nologo /W3 /WX- /Od /Oy- /D WIN32 /D _DEBUG /D _CONSOLE /D _UNICODE /D UNICODE /Gm /EHsc /RTC1 /MDd /GS /fp:precise /Zc:wchar_t /Zc:forScope /Yu"StdAfx.h" /Fp"Debug\SOMClassifier.pch" /Fo"Debug\\" /Fd"Debug\vc100.pdb" /Gd /TP /analyze- /errorReport:prompt SOMClassifier.cpp
         SOMClassifier.cpp
     1>c:\c++\facedetection\somclassifier\som.h(76): warning C4244: 'argument' : conversion from 'time_t' to 'unsigned int', possible loss of data
     1>c:\c++\facedetection\somclassifier\som.h(102): warning C4244: 'argument' : conversion from 'time_t' to 'unsigned int', possible loss of data
     1>c:\c++\facedetection\somclassifier\som.h(179): warning C4244: 'return' : conversion from 'double' to 'float', possible loss of data
     1>c:\c++\facedetection\somclassifier\som.h(256): warning C4244: '=' : conversion from 'double' to 'float', possible loss of data
     1>c:\c++\facedetection\somclassifier\som.h(261): warning C4244: '=' : conversion from 'double' to 'float', possible loss of data
     1>c:\c++\facedetection\somclassifier\som.h(268): warning C4244: '=' : conversion from 'double' to 'float', possible loss of data
     1>c:\c++\facedetection\somclassifier\som.h(312): warning C4244: '=' : conversion from 'double' to 'float', possible loss of data
     1>c:\c++\facedetection\somclassifier\som.h(313): warning C4244: '=' : conversion from 'double' to 'float', possible loss of data
     1>c:\c++\facedetection\somclassifier\som.h(318): warning C4244: '=' : conversion from 'double' to 'float', possible loss of data
     1>c:\c++\facedetection\somclassifier\som.h(325): warning C4244: '=' : conversion from 'double' to 'float', possible loss of data
     1>c:\c++\facedetection\somclassifier\somclassifier.cpp(19): warning C4244: '=' : conversion from 'float' to 'ebmpBYTE', possible loss of data
     1>c:\c++\facedetection\somclassifier\somclassifier.cpp(20): warning C4244: '=' : conversion from 'float' to 'ebmpBYTE', possible loss of data
     1>c:\c++\facedetection\somclassifier\somclassifier.cpp(21): warning C4244: '=' : conversion from 'float' to 'ebmpBYTE', possible loss of data
     1>c:\c++\facedetection\somclassifier\somclassifier.cpp(52): warning C4244: '=' : conversion from 'float' to 'int', possible loss of data
     1>c:\c++\facedetection\somclassifier\somclassifier.cpp(53): warning C4244: '=' : conversion from 'float' to 'int', possible loss of data
     1>c:\c++\facedetection\somclassifier\somclassifier.cpp(54): warning C4244: '=' : conversion from 'float' to 'int', possible loss of data
     1>c:\c++\facedetection\somclassifier\somclassifier.cpp(79): warning C4305: 'argument' : truncation from 'double' to 'float'
       ManifestResourceCompile:
         All outputs are up-to-date.
       Link:
         c:\Program Files (x86)\Microsoft Visual Studio 10.0\VC\bin\link.exe /ERRORREPORT:PROMPT /OUT:"C:\C++\FaceDetection\Debug\SOMClassifier.exe" /INCREMENTAL /NOLOGO kernel32.lib user32.lib gdi32.lib winspool.lib comdlg32.lib advapi32.lib shell32.lib ole32.lib oleaut32.lib uuid.lib odbc32.lib odbccp32.lib /MANIFEST /ManifestFile:"Debug\SOMClassifier.exe.intermediate.manifest" /MANIFESTUAC:"level='asInvoker' uiAccess='false'" /DEBUG /PDB:"C:\C++\FaceDetection\Debug\SOMClassifier.pdb" /SUBSYSTEM:CONSOLE /TLBID:1 /DYNAMICBASE /NXCOMPAT /IMPLIB:"C:\C++\FaceDetection\Debug\SOMClassifier.lib" /MACHINE:X86 Debug\SOMClassifier.exe.embed.manifest.res
         Debug\EasyBMP.obj
         Debug\SOMClassifier.obj
         Debug\stdafx.obj
       Manifest:
         C:\Program Files (x86)\Microsoft SDKs\Windows\v7.0A\bin\mt.exe /nologo /verbose /out:"Debug\SOMClassifier.exe.embed.manifest" /manifest Debug\SOMClassifier.exe.intermediate.manifest
         All outputs are up-to-date.
       LinkEmbedManifest:
         All outputs are up-to-date.
         SOMClassifier.vcxproj -> C:\C++\FaceDetection\Debug\SOMClassifier.exe
       FinalizeBuildStatus:
         Deleting file "Debug\SOMClassifier.unsuccessfulbuild".
         Touching "Debug\SOMClassifier.lastbuildstate".
     1>Done Building Project "C:\C++\FaceDetection\SOMClassifier\SOMClassifier.vcxproj" (build target(s)).

Build succeeded.

Time Elapsed 00:00:01.39
