C:\C++\FACEDETECTION\DEBUG\SOMCLASSIFIER.EXE
C:\C++\FACEDETECTION\DEBUG\SOMCLASSIFIER.ILK
C:\C++\FACEDETECTION\DEBUG\SOMCLASSIFIER.PDB
C:\C++\FaceDetection\SOMClassifier\Debug\cl.command.1.tlog
C:\C++\FaceDetection\SOMClassifier\Debug\CL.read.1.tlog
C:\C++\FaceDetection\SOMClassifier\Debug\CL.write.1.tlog
C:\C++\FACEDETECTION\SOMCLASSIFIER\DEBUG\EASYBMP.OBJ
C:\C++\FaceDetection\SOMClassifier\Debug\link.12868.read.1.tlog
C:\C++\FaceDetection\SOMClassifier\Debug\link.12868.write.1.tlog
C:\C++\FaceDetection\SOMClassifier\Debug\link.12868-cvtres.read.1.tlog
C:\C++\FaceDetection\SOMClassifier\Debug\link.12868-cvtres.write.1.tlog
C:\C++\FaceDetection\SOMClassifier\Debug\link.14720.read.1.tlog
C:\C++\FaceDetection\SOMClassifier\Debug\link.14720.write.1.tlog
C:\C++\FaceDetection\SOMClassifier\Debug\link.14720-cvtres.read.1.tlog
C:\C++\FaceDetection\SOMClassifier\Debug\link.14720-cvtres.write.1.tlog
C:\C++\FaceDetection\SOMClassifier\Debug\link.17108.read.1.tlog
C:\C++\FaceDetection\SOMClassifier\Debug\link.17108.write.1.tlog
C:\C++\FaceDetection\SOMClassifier\Debug\link.17108-cvtres.read.1.tlog
C:\C++\FaceDetection\SOMClassifier\Debug\link.17108-cvtres.write.1.tlog
C:\C++\FaceDetection\SOMClassifier\Debug\link.command.1.tlog
C:\C++\FaceDetection\SOMClassifier\Debug\link.read.1.tlog
C:\C++\FaceDetection\SOMClassifier\Debug\link.write.1.tlog
C:\C++\FaceDetection\SOMClassifier\Debug\link-cvtres.read.1.tlog
C:\C++\FaceDetection\SOMClassifier\Debug\link-cvtres.write.1.tlog
C:\C++\FaceDetection\SOMClassifier\Debug\mt.command.1.tlog
C:\C++\FaceDetection\SOMClassifier\Debug\mt.read.1.tlog
C:\C++\FaceDetection\SOMClassifier\Debug\mt.write.1.tlog
C:\C++\FaceDetection\SOMClassifier\Debug\rc.command.1.tlog
C:\C++\FaceDetection\SOMClassifier\Debug\rc.read.1.tlog
C:\C++\FaceDetection\SOMClassifier\Debug\rc.write.1.tlog
C:\C++\FACEDETECTION\SOMCLASSIFIER\DEBUG\SOMCLASSIFIER.EXE.EMBED.MANIFEST
C:\C++\FACEDETECTION\SOMCLASSIFIER\DEBUG\SOMCLASSIFIER.EXE.EMBED.MANIFEST.RES
C:\C++\FACEDETECTION\SOMCLASSIFIER\DEBUG\SOMCLASSIFIER.EXE.INTERMEDIATE.MANIFEST
C:\C++\FACEDETECTION\SOMCLASSIFIER\DEBUG\SOMCLASSIFIER.OBJ
C:\C++\FACEDETECTION\SOMCLASSIFIER\DEBUG\SOMCLASSIFIER.PCH
C:\C++\FaceDetection\SOMClassifier\Debug\SOMClassifier.vcxprojResolveAssemblyReference.cache
C:\C++\FaceDetection\SOMClassifier\Debug\SOMClassifier.write.1.tlog
C:\C++\FaceDetection\SOMClassifier\Debug\SOMClassifier_manifest.rc
C:\C++\FACEDETECTION\SOMCLASSIFIER\DEBUG\STDAFX.OBJ
C:\C++\FaceDetection\SOMClassifier\Debug\vc100.idb
C:\C++\FACEDETECTION\SOMCLASSIFIER\DEBUG\VC100.PDB
