C:\C++\FACEDETECTION\DEBUG\SOMCLASSIFIERCUDA.EXE
C:\C++\FACEDETECTION\DEBUG\SOMCLASSIFIERCUDA.ILK
C:\C++\FACEDETECTION\DEBUG\SOMCLASSIFIERCUDA.PDB
C:\C++\FaceDetection\SOMClassifierCUDA\Debug\cl.command.1.tlog
C:\C++\FaceDetection\SOMClassifierCUDA\Debug\CL.read.1.tlog
C:\C++\FaceDetection\SOMClassifierCUDA\Debug\CL.write.1.tlog
C:\C++\FACEDETECTION\SOMCLASSIFIERCUDA\DEBUG\EASYBMP.OBJ
C:\C++\FaceDetection\SOMClassifierCUDA\Debug\kernel.cu.cache
C:\C++\FaceDetection\SOMClassifierCUDA\Debug\kernel.cu.obj
C:\C++\FaceDetection\SOMClassifierCUDA\Debug\link.10724.read.1.tlog
C:\C++\FaceDetection\SOMClassifierCUDA\Debug\link.10724.write.1.tlog
C:\C++\FaceDetection\SOMClassifierCUDA\Debug\link.10724-cvtres.read.1.tlog
C:\C++\FaceDetection\SOMClassifierCUDA\Debug\link.10724-cvtres.write.1.tlog
C:\C++\FaceDetection\SOMClassifierCUDA\Debug\link.10812.read.1.tlog
C:\C++\FaceDetection\SOMClassifierCUDA\Debug\link.10812.write.1.tlog
C:\C++\FaceDetection\SOMClassifierCUDA\Debug\link.10812-cvtres.read.1.tlog
C:\C++\FaceDetection\SOMClassifierCUDA\Debug\link.10812-cvtres.write.1.tlog
C:\C++\FaceDetection\SOMClassifierCUDA\Debug\link.11352.read.1.tlog
C:\C++\FaceDetection\SOMClassifierCUDA\Debug\link.11352.write.1.tlog
C:\C++\FaceDetection\SOMClassifierCUDA\Debug\link.11352-cvtres.read.1.tlog
C:\C++\FaceDetection\SOMClassifierCUDA\Debug\link.11352-cvtres.write.1.tlog
C:\C++\FaceDetection\SOMClassifierCUDA\Debug\link.11884.read.1.tlog
C:\C++\FaceDetection\SOMClassifierCUDA\Debug\link.11884.write.1.tlog
C:\C++\FaceDetection\SOMClassifierCUDA\Debug\link.11884-cvtres.read.1.tlog
C:\C++\FaceDetection\SOMClassifierCUDA\Debug\link.11884-cvtres.write.1.tlog
C:\C++\FaceDetection\SOMClassifierCUDA\Debug\link.11896.read.1.tlog
C:\C++\FaceDetection\SOMClassifierCUDA\Debug\link.11896.write.1.tlog
C:\C++\FaceDetection\SOMClassifierCUDA\Debug\link.11896-cvtres.read.1.tlog
C:\C++\FaceDetection\SOMClassifierCUDA\Debug\link.11896-cvtres.write.1.tlog
C:\C++\FaceDetection\SOMClassifierCUDA\Debug\link.14200.read.1.tlog
C:\C++\FaceDetection\SOMClassifierCUDA\Debug\link.14200.write.1.tlog
C:\C++\FaceDetection\SOMClassifierCUDA\Debug\link.14200-cvtres.read.1.tlog
C:\C++\FaceDetection\SOMClassifierCUDA\Debug\link.14200-cvtres.write.1.tlog
C:\C++\FaceDetection\SOMClassifierCUDA\Debug\link.1904.read.1.tlog
C:\C++\FaceDetection\SOMClassifierCUDA\Debug\link.1904.write.1.tlog
C:\C++\FaceDetection\SOMClassifierCUDA\Debug\link.1904-cvtres.read.1.tlog
C:\C++\FaceDetection\SOMClassifierCUDA\Debug\link.1904-cvtres.write.1.tlog
C:\C++\FaceDetection\SOMClassifierCUDA\Debug\link.19224.read.1.tlog
C:\C++\FaceDetection\SOMClassifierCUDA\Debug\link.19224.write.1.tlog
C:\C++\FaceDetection\SOMClassifierCUDA\Debug\link.19224-cvtres.read.1.tlog
C:\C++\FaceDetection\SOMClassifierCUDA\Debug\link.19224-cvtres.write.1.tlog
C:\C++\FaceDetection\SOMClassifierCUDA\Debug\link.19960.read.1.tlog
C:\C++\FaceDetection\SOMClassifierCUDA\Debug\link.19960.write.1.tlog
C:\C++\FaceDetection\SOMClassifierCUDA\Debug\link.19960-cvtres.read.1.tlog
C:\C++\FaceDetection\SOMClassifierCUDA\Debug\link.19960-cvtres.write.1.tlog
C:\C++\FaceDetection\SOMClassifierCUDA\Debug\link.20368.read.1.tlog
C:\C++\FaceDetection\SOMClassifierCUDA\Debug\link.20368.write.1.tlog
C:\C++\FaceDetection\SOMClassifierCUDA\Debug\link.20368-cvtres.read.1.tlog
C:\C++\FaceDetection\SOMClassifierCUDA\Debug\link.20368-cvtres.write.1.tlog
C:\C++\FaceDetection\SOMClassifierCUDA\Debug\link.20508.read.1.tlog
C:\C++\FaceDetection\SOMClassifierCUDA\Debug\link.20508.write.1.tlog
C:\C++\FaceDetection\SOMClassifierCUDA\Debug\link.20508-cvtres.read.1.tlog
C:\C++\FaceDetection\SOMClassifierCUDA\Debug\link.20508-cvtres.write.1.tlog
C:\C++\FaceDetection\SOMClassifierCUDA\Debug\link.20812.read.1.tlog
C:\C++\FaceDetection\SOMClassifierCUDA\Debug\link.20812.write.1.tlog
C:\C++\FaceDetection\SOMClassifierCUDA\Debug\link.20812-cvtres.read.1.tlog
C:\C++\FaceDetection\SOMClassifierCUDA\Debug\link.20812-cvtres.write.1.tlog
C:\C++\FaceDetection\SOMClassifierCUDA\Debug\link.21324.read.1.tlog
C:\C++\FaceDetection\SOMClassifierCUDA\Debug\link.21324.write.1.tlog
C:\C++\FaceDetection\SOMClassifierCUDA\Debug\link.21324-cvtres.read.1.tlog
C:\C++\FaceDetection\SOMClassifierCUDA\Debug\link.21324-cvtres.write.1.tlog
C:\C++\FaceDetection\SOMClassifierCUDA\Debug\link.21624.read.1.tlog
C:\C++\FaceDetection\SOMClassifierCUDA\Debug\link.21624.write.1.tlog
C:\C++\FaceDetection\SOMClassifierCUDA\Debug\link.21624-cvtres.read.1.tlog
C:\C++\FaceDetection\SOMClassifierCUDA\Debug\link.21624-cvtres.write.1.tlog
C:\C++\FaceDetection\SOMClassifierCUDA\Debug\link.268.read.1.tlog
C:\C++\FaceDetection\SOMClassifierCUDA\Debug\link.268.write.1.tlog
C:\C++\FaceDetection\SOMClassifierCUDA\Debug\link.268-cvtres.read.1.tlog
C:\C++\FaceDetection\SOMClassifierCUDA\Debug\link.268-cvtres.write.1.tlog
C:\C++\FaceDetection\SOMClassifierCUDA\Debug\link.3572.read.1.tlog
C:\C++\FaceDetection\SOMClassifierCUDA\Debug\link.3572.write.1.tlog
C:\C++\FaceDetection\SOMClassifierCUDA\Debug\link.3572-cvtres.read.1.tlog
C:\C++\FaceDetection\SOMClassifierCUDA\Debug\link.3572-cvtres.write.1.tlog
C:\C++\FaceDetection\SOMClassifierCUDA\Debug\link.3760.read.1.tlog
C:\C++\FaceDetection\SOMClassifierCUDA\Debug\link.3760.write.1.tlog
C:\C++\FaceDetection\SOMClassifierCUDA\Debug\link.3760-cvtres.read.1.tlog
C:\C++\FaceDetection\SOMClassifierCUDA\Debug\link.3760-cvtres.write.1.tlog
C:\C++\FaceDetection\SOMClassifierCUDA\Debug\link.5412.read.1.tlog
C:\C++\FaceDetection\SOMClassifierCUDA\Debug\link.5412.write.1.tlog
C:\C++\FaceDetection\SOMClassifierCUDA\Debug\link.5412-cvtres.read.1.tlog
C:\C++\FaceDetection\SOMClassifierCUDA\Debug\link.5412-cvtres.write.1.tlog
C:\C++\FaceDetection\SOMClassifierCUDA\Debug\link.5748.read.1.tlog
C:\C++\FaceDetection\SOMClassifierCUDA\Debug\link.5748.write.1.tlog
C:\C++\FaceDetection\SOMClassifierCUDA\Debug\link.5748-cvtres.read.1.tlog
C:\C++\FaceDetection\SOMClassifierCUDA\Debug\link.5748-cvtres.write.1.tlog
C:\C++\FaceDetection\SOMClassifierCUDA\Debug\link.6428.read.1.tlog
C:\C++\FaceDetection\SOMClassifierCUDA\Debug\link.6428.write.1.tlog
C:\C++\FaceDetection\SOMClassifierCUDA\Debug\link.6428-cvtres.read.1.tlog
C:\C++\FaceDetection\SOMClassifierCUDA\Debug\link.6428-cvtres.write.1.tlog
C:\C++\FaceDetection\SOMClassifierCUDA\Debug\link.6696.read.1.tlog
C:\C++\FaceDetection\SOMClassifierCUDA\Debug\link.6696.write.1.tlog
C:\C++\FaceDetection\SOMClassifierCUDA\Debug\link.6696-cvtres.read.1.tlog
C:\C++\FaceDetection\SOMClassifierCUDA\Debug\link.6696-cvtres.write.1.tlog
C:\C++\FaceDetection\SOMClassifierCUDA\Debug\link.6960.read.1.tlog
C:\C++\FaceDetection\SOMClassifierCUDA\Debug\link.6960.write.1.tlog
C:\C++\FaceDetection\SOMClassifierCUDA\Debug\link.6960-cvtres.read.1.tlog
C:\C++\FaceDetection\SOMClassifierCUDA\Debug\link.6960-cvtres.write.1.tlog
C:\C++\FaceDetection\SOMClassifierCUDA\Debug\link.7948.read.1.tlog
C:\C++\FaceDetection\SOMClassifierCUDA\Debug\link.7948.write.1.tlog
C:\C++\FaceDetection\SOMClassifierCUDA\Debug\link.7948-cvtres.read.1.tlog
C:\C++\FaceDetection\SOMClassifierCUDA\Debug\link.7948-cvtres.write.1.tlog
C:\C++\FaceDetection\SOMClassifierCUDA\Debug\link.9336.read.1.tlog
C:\C++\FaceDetection\SOMClassifierCUDA\Debug\link.9336.write.1.tlog
C:\C++\FaceDetection\SOMClassifierCUDA\Debug\link.9336-cvtres.read.1.tlog
C:\C++\FaceDetection\SOMClassifierCUDA\Debug\link.9336-cvtres.write.1.tlog
C:\C++\FaceDetection\SOMClassifierCUDA\Debug\link.9864.read.1.tlog
C:\C++\FaceDetection\SOMClassifierCUDA\Debug\link.9864.write.1.tlog
C:\C++\FaceDetection\SOMClassifierCUDA\Debug\link.9864-cvtres.read.1.tlog
C:\C++\FaceDetection\SOMClassifierCUDA\Debug\link.9864-cvtres.write.1.tlog
C:\C++\FaceDetection\SOMClassifierCUDA\Debug\link.command.1.tlog
C:\C++\FaceDetection\SOMClassifierCUDA\Debug\link.read.1.tlog
C:\C++\FaceDetection\SOMClassifierCUDA\Debug\link.write.1.tlog
C:\C++\FaceDetection\SOMClassifierCUDA\Debug\link-cvtres.read.1.tlog
C:\C++\FaceDetection\SOMClassifierCUDA\Debug\link-cvtres.write.1.tlog
C:\C++\FaceDetection\SOMClassifierCUDA\Debug\mt.command.1.tlog
C:\C++\FaceDetection\SOMClassifierCUDA\Debug\mt.read.1.tlog
C:\C++\FaceDetection\SOMClassifierCUDA\Debug\mt.write.1.tlog
C:\C++\FaceDetection\SOMClassifierCUDA\Debug\rc.command.1.tlog
C:\C++\FaceDetection\SOMClassifierCUDA\Debug\rc.read.1.tlog
C:\C++\FaceDetection\SOMClassifierCUDA\Debug\rc.write.1.tlog
C:\C++\FACEDETECTION\SOMCLASSIFIERCUDA\DEBUG\SOMCLASSIFIERCUDA.EXE.EMBED.MANIFEST
C:\C++\FACEDETECTION\SOMCLASSIFIERCUDA\DEBUG\SOMCLASSIFIERCUDA.EXE.EMBED.MANIFEST.RES
C:\C++\FACEDETECTION\SOMCLASSIFIERCUDA\DEBUG\SOMCLASSIFIERCUDA.EXE.INTERMEDIATE.MANIFEST
C:\C++\FaceDetection\SOMClassifierCUDA\Debug\SOMClassifierCUDA.vcxprojResolveAssemblyReference.cache
C:\C++\FaceDetection\SOMClassifierCUDA\Debug\SOMClassifierCUDA.write.1.tlog
C:\C++\FaceDetection\SOMClassifierCUDA\Debug\SOMClassifierCUDA_manifest.rc
C:\C++\FaceDetection\SOMClassifierCUDA\Debug\vc100.idb
C:\C++\FACEDETECTION\SOMCLASSIFIERCUDA\DEBUG\VC100.PDB
