Build started 3/31/2014 6:44:00 PM.
     1>Project "C:\C++\FaceDetection\SOMClassifierCUDA\SOMClassifierCUDA.vcxproj" on node 2 (build target(s)).
     1>InitializeBuildStatus:
         Touching "Debug\SOMClassifierCUDA.unsuccessfulbuild".
       AddCudaCompileDeps:
         c:\Program Files (x86)\Microsoft Visual Studio 10.0\VC\bin\cl.exe /E /nologo /showIncludes /TP /D__CUDACC__ /DWIN32 /D_DEBUG /D_CONSOLE /D_MBCS /I"C:\Program Files\NVIDIA GPU Computing Toolkit\CUDA\v5.5\include" /I"C:\Program Files\NVIDIA GPU Computing Toolkit\CUDA\v5.5\bin" /I"C:\Program Files\NVIDIA GPU Computing Toolkit\CUDA\v5.5\include" /I. /FIcuda_runtime.h /c C:\C++\FaceDetection\SOMClassifierCUDA\kernel.cu 
       AddCudaCompilePropsDeps:
       Skipping target "AddCudaCompilePropsDeps" because all output files are up-to-date with respect to the input files.
       CudaBuild:
         Compiling CUDA source file kernel.cu...
         cmd.exe /C "C:\Users\diwakar\AppData\Local\Temp\tmpe50d77cf40c14a75b032a54a1dfd68c6.cmd"
         "C:\Program Files\NVIDIA GPU Computing Toolkit\CUDA\v5.5\bin\nvcc.exe" -gencode=arch=compute_20,code=\"sm_20,compute_20\" --use-local-env --cl-version 2010 -ccbin "c:\Program Files (x86)\Microsoft Visual Studio 10.0\VC\bin"  -I"C:\Program Files\NVIDIA GPU Computing Toolkit\CUDA\v5.5\include" -I"C:\Program Files\NVIDIA GPU Computing Toolkit\CUDA\v5.5\include"  -G   --keep-dir Debug -maxrregcount=0  --machine 32 --compile -cudart static  -g   -DWIN32 -D_DEBUG -D_CONSOLE -D_MBCS -Xcompiler "/EHsc /W3 /nologo /Od /Zi /RTC1 /MDd  " -o Debug\kernel.cu.obj "C:\C++\FaceDetection\SOMClassifierCUDA\kernel.cu"
         
         C:\C++\FaceDetection\SOMClassifierCUDA>"C:\Program Files\NVIDIA GPU Computing Toolkit\CUDA\v5.5\bin\nvcc.exe" -gencode=arch=compute_20,code=\"sm_20,compute_20\" --use-local-env --cl-version 2010 -ccbin "c:\Program Files (x86)\Microsoft Visual Studio 10.0\VC\bin"  -I"C:\Program Files\NVIDIA GPU Computing Toolkit\CUDA\v5.5\include" -I"C:\Program Files\NVIDIA GPU Computing Toolkit\CUDA\v5.5\include"  -G   --keep-dir Debug -maxrregcount=0  --machine 32 --compile -cudart static  -g   -DWIN32 -D_DEBUG -D_CONSOLE -D_MBCS -Xcompiler "/EHsc /W3 /nologo /Od /Zi /RTC1 /MDd  " -o Debug\kernel.cu.obj "C:\C++\FaceDetection\SOMClassifierCUDA\kernel.cu" 
     1>c:\c++\facedetection\somclassifiercuda\SOM.h(40): warning : variable "count" was declared but never referenced
         
     1>C:/C++/FaceDetection/SOMClassifierCUDA/kernel.cu(60): warning : variable "winningNeuron" was declared but never referenced
         
     1>C:/C++/FaceDetection/SOMClassifierCUDA/kernel.cu(140): warning : variable "winningNeuron" was declared but never referenced
         
     1>C:/C++/FaceDetection/SOMClassifierCUDA/kernel.cu(141): warning : variable "winningNeuronID" was set but never used
         
     1>c:\c++\facedetection\somclassifiercuda\SOM.h(40): warning : variable "count" was declared but never referenced
         
     1>C:/C++/FaceDetection/SOMClassifierCUDA/kernel.cu(60): warning : variable "winningNeuron" was declared but never referenced
         
     1>C:/C++/FaceDetection/SOMClassifierCUDA/kernel.cu(140): warning : variable "winningNeuron" was declared but never referenced
         
     1>C:/C++/FaceDetection/SOMClassifierCUDA/kernel.cu(141): warning : variable "winningNeuronID" was set but never used
         
     1>c:\c++\facedetection\somclassifiercuda\SOM.h(11): warning C4305: 'initializing' : truncation from 'double' to 'float'
     1>c:\c++\facedetection\somclassifiercuda\SOM.h(89): warning C4244: 'return' : conversion from 'double' to 'float', possible loss of data
     1>C:/C++/FaceDetection/SOMClassifierCUDA/kernel.cu(24): warning C4244: 'argument' : conversion from 'std::streamoff' to 'unsigned int', possible loss of data
     1>C:/C++/FaceDetection/SOMClassifierCUDA/kernel.cu(103): warning C4244: '=' : conversion from 'double' to 'float', possible loss of data
     1>C:/C++/FaceDetection/SOMClassifierCUDA/kernel.cu(108): warning C4244: '=' : conversion from 'double' to 'float', possible loss of data
     1>C:/C++/FaceDetection/SOMClassifierCUDA/kernel.cu(116): warning C4244: '=' : conversion from 'double' to 'float', possible loss of data
     1>C:/C++/FaceDetection/SOMClassifierCUDA/kernel.cu(60): warning C4101: 'winningNeuron' : unreferenced local variable
     1>C:/C++/FaceDetection/SOMClassifierCUDA/kernel.cu(184): warning C4244: 'argument' : conversion from 'float' to 'int', possible loss of data
     1>C:/C++/FaceDetection/SOMClassifierCUDA/kernel.cu(184): warning C4244: '=' : conversion from 'double' to 'float', possible loss of data
     1>C:/C++/FaceDetection/SOMClassifierCUDA/kernel.cu(185): warning C4244: 'argument' : conversion from 'float' to 'int', possible loss of data
     1>C:/C++/FaceDetection/SOMClassifierCUDA/kernel.cu(185): warning C4244: '=' : conversion from 'double' to 'float', possible loss of data
     1>C:/C++/FaceDetection/SOMClassifierCUDA/kernel.cu(193): warning C4244: '=' : conversion from 'double' to 'float', possible loss of data
     1>C:/C++/FaceDetection/SOMClassifierCUDA/kernel.cu(201): warning C4244: '=' : conversion from 'double' to 'float', possible loss of data
     1>C:/C++/FaceDetection/SOMClassifierCUDA/kernel.cu(140): warning C4101: 'winningNeuron' : unreferenced local variable
     1>C:/C++/FaceDetection/SOMClassifierCUDA/kernel.cu(245): warning C4244: '=' : conversion from 'double' to 'float', possible loss of data
     1>C:/C++/FaceDetection/SOMClassifierCUDA/kernel.cu(256): warning C4244: '=' : conversion from 'float' to 'ebmpBYTE', possible loss of data
     1>C:/C++/FaceDetection/SOMClassifierCUDA/kernel.cu(257): warning C4244: '=' : conversion from 'float' to 'ebmpBYTE', possible loss of data
     1>C:/C++/FaceDetection/SOMClassifierCUDA/kernel.cu(258): warning C4244: '=' : conversion from 'float' to 'ebmpBYTE', possible loss of data
     1>C:/C++/FaceDetection/SOMClassifierCUDA/kernel.cu(291): warning C4244: 'argument' : conversion from 'time_t' to 'unsigned int', possible loss of data
     1>C:/C++/FaceDetection/SOMClassifierCUDA/kernel.cu(327): warning C4244: 'argument' : conversion from 'int' to 'float', possible loss of data
     1>C:/C++/FaceDetection/SOMClassifierCUDA/kernel.cu(327): warning C4305: 'argument' : truncation from 'double' to 'float'
       ClCompile:
         All outputs are up-to-date.
       ManifestResourceCompile:
         All outputs are up-to-date.
       Link:
         c:\Program Files (x86)\Microsoft Visual Studio 10.0\VC\bin\link.exe /ERRORREPORT:PROMPT /OUT:"C:\C++\FaceDetection\Debug\SOMClassifierCUDA.exe" /INCREMENTAL /NOLOGO /LIBPATH:"C:\Program Files\NVIDIA GPU Computing Toolkit\CUDA\v5.5\lib\Win32" cudart.lib kernel32.lib user32.lib gdi32.lib winspool.lib comdlg32.lib advapi32.lib shell32.lib ole32.lib oleaut32.lib uuid.lib odbc32.lib odbccp32.lib kernel32.lib user32.lib gdi32.lib winspool.lib comdlg32.lib advapi32.lib shell32.lib ole32.lib oleaut32.lib uuid.lib odbc32.lib odbccp32.lib /MANIFEST /ManifestFile:"Debug\SOMClassifierCUDA.exe.intermediate.manifest" /MANIFESTUAC:"level='asInvoker' uiAccess='false'" /DEBUG /PDB:"C:\C++\FaceDetection\Debug\SOMClassifierCUDA.pdb" /SUBSYSTEM:CONSOLE /TLBID:1 /DYNAMICBASE /NXCOMPAT /IMPLIB:"C:\C++\FaceDetection\Debug\SOMClassifierCUDA.lib" /MACHINE:X86 Debug\kernel.cu.obj
         Debug\SOMClassifierCUDA.exe.embed.manifest.res
         Debug\EasyBMP.obj
       Manifest:
         C:\Program Files (x86)\Microsoft SDKs\Windows\v7.0A\bin\mt.exe /nologo /verbose /out:"Debug\SOMClassifierCUDA.exe.embed.manifest" /manifest Debug\SOMClassifierCUDA.exe.intermediate.manifest
         All outputs are up-to-date.
       LinkEmbedManifest:
         All outputs are up-to-date.
         SOMClassifierCUDA.vcxproj -> C:\C++\FaceDetection\Debug\SOMClassifierCUDA.exe
       PostBuildEvent:
         echo copy "C:\Program Files\NVIDIA GPU Computing Toolkit\CUDA\v5.5\bin\cudart*.dll" "C:\C++\FaceDetection\Debug\"
         copy "C:\Program Files\NVIDIA GPU Computing Toolkit\CUDA\v5.5\bin\cudart*.dll" "C:\C++\FaceDetection\Debug\"
         :VCEnd
         copy "C:\Program Files\NVIDIA GPU Computing Toolkit\CUDA\v5.5\bin\cudart*.dll" "C:\C++\FaceDetection\Debug\"
         C:\Program Files\NVIDIA GPU Computing Toolkit\CUDA\v5.5\bin\cudart32_55.dll
         C:\Program Files\NVIDIA GPU Computing Toolkit\CUDA\v5.5\bin\cudart64_55.dll
                 2 file(s) copied.
       FinalizeBuildStatus:
         Deleting file "Debug\SOMClassifierCUDA.unsuccessfulbuild".
         Touching "Debug\SOMClassifierCUDA.lastbuildstate".
     1>Done Building Project "C:\C++\FaceDetection\SOMClassifierCUDA\SOMClassifierCUDA.vcxproj" (build target(s)).

Build succeeded.

Time Elapsed 00:00:43.45
