C:\C++\FaceDetection\CNN\Debug\cl.command.1.tlog
C:\C++\FaceDetection\CNN\Debug\CL.read.1.tlog
C:\C++\FaceDetection\CNN\Debug\CL.write.1.tlog
C:\C++\FACEDETECTION\CNN\DEBUG\CNN.EXE.EMBED.MANIFEST
C:\C++\FACEDETECTION\CNN\DEBUG\CNN.EXE.EMBED.MANIFEST.RES
C:\C++\FACEDETECTION\CNN\DEBUG\CNN.EXE.INTERMEDIATE.MANIFEST
C:\C++\FACEDETECTION\CNN\DEBUG\CNN.OBJ
C:\C++\FACEDETECTION\CNN\DEBUG\CNN.PCH
C:\C++\FaceDetection\CNN\Debug\CNN.vcxprojResolveAssemblyReference.cache
C:\C++\FaceDetection\CNN\Debug\CNN.write.1.tlog
C:\C++\FaceDetection\CNN\Debug\CNN_manifest.rc
C:\C++\FACEDETECTION\CNN\DEBUG\EASYBMP.OBJ
C:\C++\FaceDetection\CNN\Debug\link.10000.read.1.tlog
C:\C++\FaceDetection\CNN\Debug\link.10000.write.1.tlog
C:\C++\FaceDetection\CNN\Debug\link.10000-cvtres.read.1.tlog
C:\C++\FaceDetection\CNN\Debug\link.10000-cvtres.write.1.tlog
C:\C++\FaceDetection\CNN\Debug\link.10180.read.1.tlog
C:\C++\FaceDetection\CNN\Debug\link.10180.write.1.tlog
C:\C++\FaceDetection\CNN\Debug\link.10180-cvtres.read.1.tlog
C:\C++\FaceDetection\CNN\Debug\link.10180-cvtres.write.1.tlog
C:\C++\FaceDetection\CNN\Debug\link.10212.read.1.tlog
C:\C++\FaceDetection\CNN\Debug\link.10212.write.1.tlog
C:\C++\FaceDetection\CNN\Debug\link.10212-cvtres.read.1.tlog
C:\C++\FaceDetection\CNN\Debug\link.10212-cvtres.write.1.tlog
C:\C++\FaceDetection\CNN\Debug\link.10268.read.1.tlog
C:\C++\FaceDetection\CNN\Debug\link.10268.write.1.tlog
C:\C++\FaceDetection\CNN\Debug\link.10268-cvtres.read.1.tlog
C:\C++\FaceDetection\CNN\Debug\link.10268-cvtres.write.1.tlog
C:\C++\FaceDetection\CNN\Debug\link.10272.read.1.tlog
C:\C++\FaceDetection\CNN\Debug\link.10272.write.1.tlog
C:\C++\FaceDetection\CNN\Debug\link.10272-cvtres.read.1.tlog
C:\C++\FaceDetection\CNN\Debug\link.10272-cvtres.write.1.tlog
C:\C++\FaceDetection\CNN\Debug\link.10324.read.1.tlog
C:\C++\FaceDetection\CNN\Debug\link.10324.write.1.tlog
C:\C++\FaceDetection\CNN\Debug\link.10324-cvtres.read.1.tlog
C:\C++\FaceDetection\CNN\Debug\link.10324-cvtres.write.1.tlog
C:\C++\FaceDetection\CNN\Debug\link.10336.read.1.tlog
C:\C++\FaceDetection\CNN\Debug\link.10336.write.1.tlog
C:\C++\FaceDetection\CNN\Debug\link.10336-cvtres.read.1.tlog
C:\C++\FaceDetection\CNN\Debug\link.10336-cvtres.write.1.tlog
C:\C++\FaceDetection\CNN\Debug\link.10492.read.1.tlog
C:\C++\FaceDetection\CNN\Debug\link.10492.write.1.tlog
C:\C++\FaceDetection\CNN\Debug\link.10492-cvtres.read.1.tlog
C:\C++\FaceDetection\CNN\Debug\link.10492-cvtres.write.1.tlog
C:\C++\FaceDetection\CNN\Debug\link.10540.read.1.tlog
C:\C++\FaceDetection\CNN\Debug\link.10540.write.1.tlog
C:\C++\FaceDetection\CNN\Debug\link.10540-cvtres.read.1.tlog
C:\C++\FaceDetection\CNN\Debug\link.10540-cvtres.write.1.tlog
C:\C++\FaceDetection\CNN\Debug\link.10572.read.1.tlog
C:\C++\FaceDetection\CNN\Debug\link.10572.write.1.tlog
C:\C++\FaceDetection\CNN\Debug\link.10572-cvtres.read.1.tlog
C:\C++\FaceDetection\CNN\Debug\link.10572-cvtres.write.1.tlog
C:\C++\FaceDetection\CNN\Debug\link.10864.read.1.tlog
C:\C++\FaceDetection\CNN\Debug\link.10864.write.1.tlog
C:\C++\FaceDetection\CNN\Debug\link.10864-cvtres.read.1.tlog
C:\C++\FaceDetection\CNN\Debug\link.10864-cvtres.write.1.tlog
C:\C++\FaceDetection\CNN\Debug\link.10952.read.1.tlog
C:\C++\FaceDetection\CNN\Debug\link.10952.write.1.tlog
C:\C++\FaceDetection\CNN\Debug\link.10952-cvtres.read.1.tlog
C:\C++\FaceDetection\CNN\Debug\link.10952-cvtres.write.1.tlog
C:\C++\FaceDetection\CNN\Debug\link.11024.read.1.tlog
C:\C++\FaceDetection\CNN\Debug\link.11024.write.1.tlog
C:\C++\FaceDetection\CNN\Debug\link.11024-cvtres.read.1.tlog
C:\C++\FaceDetection\CNN\Debug\link.11024-cvtres.write.1.tlog
C:\C++\FaceDetection\CNN\Debug\link.11108.read.1.tlog
C:\C++\FaceDetection\CNN\Debug\link.11108.write.1.tlog
C:\C++\FaceDetection\CNN\Debug\link.11108-cvtres.read.1.tlog
C:\C++\FaceDetection\CNN\Debug\link.11108-cvtres.write.1.tlog
C:\C++\FaceDetection\CNN\Debug\link.11304.read.1.tlog
C:\C++\FaceDetection\CNN\Debug\link.11304.write.1.tlog
C:\C++\FaceDetection\CNN\Debug\link.11304-cvtres.read.1.tlog
C:\C++\FaceDetection\CNN\Debug\link.11304-cvtres.write.1.tlog
C:\C++\FaceDetection\CNN\Debug\link.11328.read.1.tlog
C:\C++\FaceDetection\CNN\Debug\link.11328.write.1.tlog
C:\C++\FaceDetection\CNN\Debug\link.11328-cvtres.read.1.tlog
C:\C++\FaceDetection\CNN\Debug\link.11328-cvtres.write.1.tlog
C:\C++\FaceDetection\CNN\Debug\link.11820.read.1.tlog
C:\C++\FaceDetection\CNN\Debug\link.11820.write.1.tlog
C:\C++\FaceDetection\CNN\Debug\link.11820-cvtres.read.1.tlog
C:\C++\FaceDetection\CNN\Debug\link.11820-cvtres.write.1.tlog
C:\C++\FaceDetection\CNN\Debug\link.11984.read.1.tlog
C:\C++\FaceDetection\CNN\Debug\link.11984.write.1.tlog
C:\C++\FaceDetection\CNN\Debug\link.11984-cvtres.read.1.tlog
C:\C++\FaceDetection\CNN\Debug\link.11984-cvtres.write.1.tlog
C:\C++\FaceDetection\CNN\Debug\link.12008.read.1.tlog
C:\C++\FaceDetection\CNN\Debug\link.12008.write.1.tlog
C:\C++\FaceDetection\CNN\Debug\link.12008-cvtres.read.1.tlog
C:\C++\FaceDetection\CNN\Debug\link.12008-cvtres.write.1.tlog
C:\C++\FaceDetection\CNN\Debug\link.12224.read.1.tlog
C:\C++\FaceDetection\CNN\Debug\link.12224.write.1.tlog
C:\C++\FaceDetection\CNN\Debug\link.12224-cvtres.read.1.tlog
C:\C++\FaceDetection\CNN\Debug\link.12224-cvtres.write.1.tlog
C:\C++\FaceDetection\CNN\Debug\link.12284.read.1.tlog
C:\C++\FaceDetection\CNN\Debug\link.12284.write.1.tlog
C:\C++\FaceDetection\CNN\Debug\link.12284-cvtres.read.1.tlog
C:\C++\FaceDetection\CNN\Debug\link.12284-cvtres.write.1.tlog
C:\C++\FaceDetection\CNN\Debug\link.12376.read.1.tlog
C:\C++\FaceDetection\CNN\Debug\link.12376.write.1.tlog
C:\C++\FaceDetection\CNN\Debug\link.12376-cvtres.read.1.tlog
C:\C++\FaceDetection\CNN\Debug\link.12376-cvtres.write.1.tlog
C:\C++\FaceDetection\CNN\Debug\link.12480.read.1.tlog
C:\C++\FaceDetection\CNN\Debug\link.12480.write.1.tlog
C:\C++\FaceDetection\CNN\Debug\link.12480-cvtres.read.1.tlog
C:\C++\FaceDetection\CNN\Debug\link.12480-cvtres.write.1.tlog
C:\C++\FaceDetection\CNN\Debug\link.12524.read.1.tlog
C:\C++\FaceDetection\CNN\Debug\link.12524.write.1.tlog
C:\C++\FaceDetection\CNN\Debug\link.12524-cvtres.read.1.tlog
C:\C++\FaceDetection\CNN\Debug\link.12524-cvtres.write.1.tlog
C:\C++\FaceDetection\CNN\Debug\link.12668.read.1.tlog
C:\C++\FaceDetection\CNN\Debug\link.12668.write.1.tlog
C:\C++\FaceDetection\CNN\Debug\link.12668-cvtres.read.1.tlog
C:\C++\FaceDetection\CNN\Debug\link.12668-cvtres.write.1.tlog
C:\C++\FaceDetection\CNN\Debug\link.12700.read.1.tlog
C:\C++\FaceDetection\CNN\Debug\link.12700.write.1.tlog
C:\C++\FaceDetection\CNN\Debug\link.12700-cvtres.read.1.tlog
C:\C++\FaceDetection\CNN\Debug\link.12700-cvtres.write.1.tlog
C:\C++\FaceDetection\CNN\Debug\link.12740.read.1.tlog
C:\C++\FaceDetection\CNN\Debug\link.12740.write.1.tlog
C:\C++\FaceDetection\CNN\Debug\link.12740-cvtres.read.1.tlog
C:\C++\FaceDetection\CNN\Debug\link.12740-cvtres.write.1.tlog
C:\C++\FaceDetection\CNN\Debug\link.12964.read.1.tlog
C:\C++\FaceDetection\CNN\Debug\link.12964.write.1.tlog
C:\C++\FaceDetection\CNN\Debug\link.12964-cvtres.read.1.tlog
C:\C++\FaceDetection\CNN\Debug\link.12964-cvtres.write.1.tlog
C:\C++\FaceDetection\CNN\Debug\link.13232.read.1.tlog
C:\C++\FaceDetection\CNN\Debug\link.13232.write.1.tlog
C:\C++\FaceDetection\CNN\Debug\link.13232-cvtres.read.1.tlog
C:\C++\FaceDetection\CNN\Debug\link.13232-cvtres.write.1.tlog
C:\C++\FaceDetection\CNN\Debug\link.13240.read.1.tlog
C:\C++\FaceDetection\CNN\Debug\link.13240.write.1.tlog
C:\C++\FaceDetection\CNN\Debug\link.13240-cvtres.read.1.tlog
C:\C++\FaceDetection\CNN\Debug\link.13240-cvtres.write.1.tlog
C:\C++\FaceDetection\CNN\Debug\link.13396.read.1.tlog
C:\C++\FaceDetection\CNN\Debug\link.13396.write.1.tlog
C:\C++\FaceDetection\CNN\Debug\link.13396-cvtres.read.1.tlog
C:\C++\FaceDetection\CNN\Debug\link.13396-cvtres.write.1.tlog
C:\C++\FaceDetection\CNN\Debug\link.13892.read.1.tlog
C:\C++\FaceDetection\CNN\Debug\link.13892.write.1.tlog
C:\C++\FaceDetection\CNN\Debug\link.13892-cvtres.read.1.tlog
C:\C++\FaceDetection\CNN\Debug\link.13892-cvtres.write.1.tlog
C:\C++\FaceDetection\CNN\Debug\link.13972.read.1.tlog
C:\C++\FaceDetection\CNN\Debug\link.13972.write.1.tlog
C:\C++\FaceDetection\CNN\Debug\link.13972-cvtres.read.1.tlog
C:\C++\FaceDetection\CNN\Debug\link.13972-cvtres.write.1.tlog
C:\C++\FaceDetection\CNN\Debug\link.1484.read.1.tlog
C:\C++\FaceDetection\CNN\Debug\link.1484.write.1.tlog
C:\C++\FaceDetection\CNN\Debug\link.1484-cvtres.read.1.tlog
C:\C++\FaceDetection\CNN\Debug\link.1484-cvtres.write.1.tlog
C:\C++\FaceDetection\CNN\Debug\link.1772.read.1.tlog
C:\C++\FaceDetection\CNN\Debug\link.1772.write.1.tlog
C:\C++\FaceDetection\CNN\Debug\link.1772-cvtres.read.1.tlog
C:\C++\FaceDetection\CNN\Debug\link.1772-cvtres.write.1.tlog
C:\C++\FaceDetection\CNN\Debug\link.1996.read.1.tlog
C:\C++\FaceDetection\CNN\Debug\link.1996.write.1.tlog
C:\C++\FaceDetection\CNN\Debug\link.1996-cvtres.read.1.tlog
C:\C++\FaceDetection\CNN\Debug\link.1996-cvtres.write.1.tlog
C:\C++\FaceDetection\CNN\Debug\link.2076.read.1.tlog
C:\C++\FaceDetection\CNN\Debug\link.2076.write.1.tlog
C:\C++\FaceDetection\CNN\Debug\link.2076-cvtres.read.1.tlog
C:\C++\FaceDetection\CNN\Debug\link.2076-cvtres.write.1.tlog
C:\C++\FaceDetection\CNN\Debug\link.2544.read.1.tlog
C:\C++\FaceDetection\CNN\Debug\link.2544.write.1.tlog
C:\C++\FaceDetection\CNN\Debug\link.2544-cvtres.read.1.tlog
C:\C++\FaceDetection\CNN\Debug\link.2544-cvtres.write.1.tlog
C:\C++\FaceDetection\CNN\Debug\link.2752.read.1.tlog
C:\C++\FaceDetection\CNN\Debug\link.2752.write.1.tlog
C:\C++\FaceDetection\CNN\Debug\link.2752-cvtres.read.1.tlog
C:\C++\FaceDetection\CNN\Debug\link.2752-cvtres.write.1.tlog
C:\C++\FaceDetection\CNN\Debug\link.3152.read.1.tlog
C:\C++\FaceDetection\CNN\Debug\link.3152.write.1.tlog
C:\C++\FaceDetection\CNN\Debug\link.3152-cvtres.read.1.tlog
C:\C++\FaceDetection\CNN\Debug\link.3152-cvtres.write.1.tlog
C:\C++\FaceDetection\CNN\Debug\link.3568.read.1.tlog
C:\C++\FaceDetection\CNN\Debug\link.3568.write.1.tlog
C:\C++\FaceDetection\CNN\Debug\link.3568-cvtres.read.1.tlog
C:\C++\FaceDetection\CNN\Debug\link.3568-cvtres.write.1.tlog
C:\C++\FaceDetection\CNN\Debug\link.3780.read.1.tlog
C:\C++\FaceDetection\CNN\Debug\link.3780.write.1.tlog
C:\C++\FaceDetection\CNN\Debug\link.3780-cvtres.read.1.tlog
C:\C++\FaceDetection\CNN\Debug\link.3780-cvtres.write.1.tlog
C:\C++\FaceDetection\CNN\Debug\link.4004.read.1.tlog
C:\C++\FaceDetection\CNN\Debug\link.4004.write.1.tlog
C:\C++\FaceDetection\CNN\Debug\link.4004-cvtres.read.1.tlog
C:\C++\FaceDetection\CNN\Debug\link.4004-cvtres.write.1.tlog
C:\C++\FaceDetection\CNN\Debug\link.4056.read.1.tlog
C:\C++\FaceDetection\CNN\Debug\link.4056.write.1.tlog
C:\C++\FaceDetection\CNN\Debug\link.4056-cvtres.read.1.tlog
C:\C++\FaceDetection\CNN\Debug\link.4056-cvtres.write.1.tlog
C:\C++\FaceDetection\CNN\Debug\link.4092.read.1.tlog
C:\C++\FaceDetection\CNN\Debug\link.4092.write.1.tlog
C:\C++\FaceDetection\CNN\Debug\link.4092-cvtres.read.1.tlog
C:\C++\FaceDetection\CNN\Debug\link.4092-cvtres.write.1.tlog
C:\C++\FaceDetection\CNN\Debug\link.4308.read.1.tlog
C:\C++\FaceDetection\CNN\Debug\link.4308.write.1.tlog
C:\C++\FaceDetection\CNN\Debug\link.4308-cvtres.read.1.tlog
C:\C++\FaceDetection\CNN\Debug\link.4308-cvtres.write.1.tlog
C:\C++\FaceDetection\CNN\Debug\link.4372.read.1.tlog
C:\C++\FaceDetection\CNN\Debug\link.4372.write.1.tlog
C:\C++\FaceDetection\CNN\Debug\link.4372-cvtres.read.1.tlog
C:\C++\FaceDetection\CNN\Debug\link.4372-cvtres.write.1.tlog
C:\C++\FaceDetection\CNN\Debug\link.4408.read.1.tlog
C:\C++\FaceDetection\CNN\Debug\link.4408.write.1.tlog
C:\C++\FaceDetection\CNN\Debug\link.4408-cvtres.read.1.tlog
C:\C++\FaceDetection\CNN\Debug\link.4408-cvtres.write.1.tlog
C:\C++\FaceDetection\CNN\Debug\link.4652.read.1.tlog
C:\C++\FaceDetection\CNN\Debug\link.4652.write.1.tlog
C:\C++\FaceDetection\CNN\Debug\link.4652-cvtres.read.1.tlog
C:\C++\FaceDetection\CNN\Debug\link.4652-cvtres.write.1.tlog
C:\C++\FaceDetection\CNN\Debug\link.4824.read.1.tlog
C:\C++\FaceDetection\CNN\Debug\link.4824.write.1.tlog
C:\C++\FaceDetection\CNN\Debug\link.4824-cvtres.read.1.tlog
C:\C++\FaceDetection\CNN\Debug\link.4824-cvtres.write.1.tlog
C:\C++\FaceDetection\CNN\Debug\link.4852.read.1.tlog
C:\C++\FaceDetection\CNN\Debug\link.4852.write.1.tlog
C:\C++\FaceDetection\CNN\Debug\link.4852-cvtres.read.1.tlog
C:\C++\FaceDetection\CNN\Debug\link.4852-cvtres.write.1.tlog
C:\C++\FaceDetection\CNN\Debug\link.4976.read.1.tlog
C:\C++\FaceDetection\CNN\Debug\link.4976.write.1.tlog
C:\C++\FaceDetection\CNN\Debug\link.4976-cvtres.read.1.tlog
C:\C++\FaceDetection\CNN\Debug\link.4976-cvtres.write.1.tlog
C:\C++\FaceDetection\CNN\Debug\link.5124.read.1.tlog
C:\C++\FaceDetection\CNN\Debug\link.5124.write.1.tlog
C:\C++\FaceDetection\CNN\Debug\link.5124-cvtres.read.1.tlog
C:\C++\FaceDetection\CNN\Debug\link.5124-cvtres.write.1.tlog
C:\C++\FaceDetection\CNN\Debug\link.5140.read.1.tlog
C:\C++\FaceDetection\CNN\Debug\link.5140.write.1.tlog
C:\C++\FaceDetection\CNN\Debug\link.5140-cvtres.read.1.tlog
C:\C++\FaceDetection\CNN\Debug\link.5140-cvtres.write.1.tlog
C:\C++\FaceDetection\CNN\Debug\link.5196.read.1.tlog
C:\C++\FaceDetection\CNN\Debug\link.5196.write.1.tlog
C:\C++\FaceDetection\CNN\Debug\link.5196-cvtres.read.1.tlog
C:\C++\FaceDetection\CNN\Debug\link.5196-cvtres.write.1.tlog
C:\C++\FaceDetection\CNN\Debug\link.5572.read.1.tlog
C:\C++\FaceDetection\CNN\Debug\link.5572.write.1.tlog
C:\C++\FaceDetection\CNN\Debug\link.5572-cvtres.read.1.tlog
C:\C++\FaceDetection\CNN\Debug\link.5572-cvtres.write.1.tlog
C:\C++\FaceDetection\CNN\Debug\link.5724.read.1.tlog
C:\C++\FaceDetection\CNN\Debug\link.5724.write.1.tlog
C:\C++\FaceDetection\CNN\Debug\link.5724-cvtres.read.1.tlog
C:\C++\FaceDetection\CNN\Debug\link.5724-cvtres.write.1.tlog
C:\C++\FaceDetection\CNN\Debug\link.6108.read.1.tlog
C:\C++\FaceDetection\CNN\Debug\link.6108.write.1.tlog
C:\C++\FaceDetection\CNN\Debug\link.6108-cvtres.read.1.tlog
C:\C++\FaceDetection\CNN\Debug\link.6108-cvtres.write.1.tlog
C:\C++\FaceDetection\CNN\Debug\link.6196.read.1.tlog
C:\C++\FaceDetection\CNN\Debug\link.6196.write.1.tlog
C:\C++\FaceDetection\CNN\Debug\link.6196-cvtres.read.1.tlog
C:\C++\FaceDetection\CNN\Debug\link.6196-cvtres.write.1.tlog
C:\C++\FaceDetection\CNN\Debug\link.6460.read.1.tlog
C:\C++\FaceDetection\CNN\Debug\link.6460.write.1.tlog
C:\C++\FaceDetection\CNN\Debug\link.6460-cvtres.read.1.tlog
C:\C++\FaceDetection\CNN\Debug\link.6460-cvtres.write.1.tlog
C:\C++\FaceDetection\CNN\Debug\link.6760.read.1.tlog
C:\C++\FaceDetection\CNN\Debug\link.6760.write.1.tlog
C:\C++\FaceDetection\CNN\Debug\link.6760-cvtres.read.1.tlog
C:\C++\FaceDetection\CNN\Debug\link.6760-cvtres.write.1.tlog
C:\C++\FaceDetection\CNN\Debug\link.6824.read.1.tlog
C:\C++\FaceDetection\CNN\Debug\link.6824.write.1.tlog
C:\C++\FaceDetection\CNN\Debug\link.6824-cvtres.read.1.tlog
C:\C++\FaceDetection\CNN\Debug\link.6824-cvtres.write.1.tlog
C:\C++\FaceDetection\CNN\Debug\link.6840.read.1.tlog
C:\C++\FaceDetection\CNN\Debug\link.6840.write.1.tlog
C:\C++\FaceDetection\CNN\Debug\link.6840-cvtres.read.1.tlog
C:\C++\FaceDetection\CNN\Debug\link.6840-cvtres.write.1.tlog
C:\C++\FaceDetection\CNN\Debug\link.7000.read.1.tlog
C:\C++\FaceDetection\CNN\Debug\link.7000.write.1.tlog
C:\C++\FaceDetection\CNN\Debug\link.7000-cvtres.read.1.tlog
C:\C++\FaceDetection\CNN\Debug\link.7000-cvtres.write.1.tlog
C:\C++\FaceDetection\CNN\Debug\link.7076.read.1.tlog
C:\C++\FaceDetection\CNN\Debug\link.7076.write.1.tlog
C:\C++\FaceDetection\CNN\Debug\link.7076-cvtres.read.1.tlog
C:\C++\FaceDetection\CNN\Debug\link.7076-cvtres.write.1.tlog
C:\C++\FaceDetection\CNN\Debug\link.7140.read.1.tlog
C:\C++\FaceDetection\CNN\Debug\link.7140.write.1.tlog
C:\C++\FaceDetection\CNN\Debug\link.7140-cvtres.read.1.tlog
C:\C++\FaceDetection\CNN\Debug\link.7140-cvtres.write.1.tlog
C:\C++\FaceDetection\CNN\Debug\link.7372.read.1.tlog
C:\C++\FaceDetection\CNN\Debug\link.7372.write.1.tlog
C:\C++\FaceDetection\CNN\Debug\link.7372-cvtres.read.1.tlog
C:\C++\FaceDetection\CNN\Debug\link.7372-cvtres.write.1.tlog
C:\C++\FaceDetection\CNN\Debug\link.7476.read.1.tlog
C:\C++\FaceDetection\CNN\Debug\link.7476.write.1.tlog
C:\C++\FaceDetection\CNN\Debug\link.7476-cvtres.read.1.tlog
C:\C++\FaceDetection\CNN\Debug\link.7476-cvtres.write.1.tlog
C:\C++\FaceDetection\CNN\Debug\link.7576.read.1.tlog
C:\C++\FaceDetection\CNN\Debug\link.7576.write.1.tlog
C:\C++\FaceDetection\CNN\Debug\link.7576-cvtres.read.1.tlog
C:\C++\FaceDetection\CNN\Debug\link.7576-cvtres.write.1.tlog
C:\C++\FaceDetection\CNN\Debug\link.764.read.1.tlog
C:\C++\FaceDetection\CNN\Debug\link.764.write.1.tlog
C:\C++\FaceDetection\CNN\Debug\link.764-cvtres.read.1.tlog
C:\C++\FaceDetection\CNN\Debug\link.764-cvtres.write.1.tlog
C:\C++\FaceDetection\CNN\Debug\link.7828.read.1.tlog
C:\C++\FaceDetection\CNN\Debug\link.7828.write.1.tlog
C:\C++\FaceDetection\CNN\Debug\link.7828-cvtres.read.1.tlog
C:\C++\FaceDetection\CNN\Debug\link.7828-cvtres.write.1.tlog
C:\C++\FaceDetection\CNN\Debug\link.7904.read.1.tlog
C:\C++\FaceDetection\CNN\Debug\link.7904.write.1.tlog
C:\C++\FaceDetection\CNN\Debug\link.7904-cvtres.read.1.tlog
C:\C++\FaceDetection\CNN\Debug\link.7904-cvtres.write.1.tlog
C:\C++\FaceDetection\CNN\Debug\link.8156.read.1.tlog
C:\C++\FaceDetection\CNN\Debug\link.8156.write.1.tlog
C:\C++\FaceDetection\CNN\Debug\link.8156-cvtres.read.1.tlog
C:\C++\FaceDetection\CNN\Debug\link.8156-cvtres.write.1.tlog
C:\C++\FaceDetection\CNN\Debug\link.8328.read.1.tlog
C:\C++\FaceDetection\CNN\Debug\link.8328.write.1.tlog
C:\C++\FaceDetection\CNN\Debug\link.8328-cvtres.read.1.tlog
C:\C++\FaceDetection\CNN\Debug\link.8328-cvtres.write.1.tlog
C:\C++\FaceDetection\CNN\Debug\link.8424.read.1.tlog
C:\C++\FaceDetection\CNN\Debug\link.8424.write.1.tlog
C:\C++\FaceDetection\CNN\Debug\link.8424-cvtres.read.1.tlog
C:\C++\FaceDetection\CNN\Debug\link.8424-cvtres.write.1.tlog
C:\C++\FaceDetection\CNN\Debug\link.8536.read.1.tlog
C:\C++\FaceDetection\CNN\Debug\link.8536.write.1.tlog
C:\C++\FaceDetection\CNN\Debug\link.8536-cvtres.read.1.tlog
C:\C++\FaceDetection\CNN\Debug\link.8536-cvtres.write.1.tlog
C:\C++\FaceDetection\CNN\Debug\link.8552.read.1.tlog
C:\C++\FaceDetection\CNN\Debug\link.8552.write.1.tlog
C:\C++\FaceDetection\CNN\Debug\link.8552-cvtres.read.1.tlog
C:\C++\FaceDetection\CNN\Debug\link.8552-cvtres.write.1.tlog
C:\C++\FaceDetection\CNN\Debug\link.8876.read.1.tlog
C:\C++\FaceDetection\CNN\Debug\link.8876.write.1.tlog
C:\C++\FaceDetection\CNN\Debug\link.8876-cvtres.read.1.tlog
C:\C++\FaceDetection\CNN\Debug\link.8876-cvtres.write.1.tlog
C:\C++\FaceDetection\CNN\Debug\link.8948.read.1.tlog
C:\C++\FaceDetection\CNN\Debug\link.8948.write.1.tlog
C:\C++\FaceDetection\CNN\Debug\link.8948-cvtres.read.1.tlog
C:\C++\FaceDetection\CNN\Debug\link.8948-cvtres.write.1.tlog
C:\C++\FaceDetection\CNN\Debug\link.9032.read.1.tlog
C:\C++\FaceDetection\CNN\Debug\link.9032.write.1.tlog
C:\C++\FaceDetection\CNN\Debug\link.9032-cvtres.read.1.tlog
C:\C++\FaceDetection\CNN\Debug\link.9032-cvtres.write.1.tlog
C:\C++\FaceDetection\CNN\Debug\link.9044.read.1.tlog
C:\C++\FaceDetection\CNN\Debug\link.9044.write.1.tlog
C:\C++\FaceDetection\CNN\Debug\link.9044-cvtres.read.1.tlog
C:\C++\FaceDetection\CNN\Debug\link.9044-cvtres.write.1.tlog
C:\C++\FaceDetection\CNN\Debug\link.9116.read.1.tlog
C:\C++\FaceDetection\CNN\Debug\link.9116.write.1.tlog
C:\C++\FaceDetection\CNN\Debug\link.9116-cvtres.read.1.tlog
C:\C++\FaceDetection\CNN\Debug\link.9116-cvtres.write.1.tlog
C:\C++\FaceDetection\CNN\Debug\link.9196.read.1.tlog
C:\C++\FaceDetection\CNN\Debug\link.9196.write.1.tlog
C:\C++\FaceDetection\CNN\Debug\link.9196-cvtres.read.1.tlog
C:\C++\FaceDetection\CNN\Debug\link.9196-cvtres.write.1.tlog
C:\C++\FaceDetection\CNN\Debug\link.9256.read.1.tlog
C:\C++\FaceDetection\CNN\Debug\link.9256.write.1.tlog
C:\C++\FaceDetection\CNN\Debug\link.9256-cvtres.read.1.tlog
C:\C++\FaceDetection\CNN\Debug\link.9256-cvtres.write.1.tlog
C:\C++\FaceDetection\CNN\Debug\link.9312.read.1.tlog
C:\C++\FaceDetection\CNN\Debug\link.9312.write.1.tlog
C:\C++\FaceDetection\CNN\Debug\link.9312-cvtres.read.1.tlog
C:\C++\FaceDetection\CNN\Debug\link.9312-cvtres.write.1.tlog
C:\C++\FaceDetection\CNN\Debug\link.9452.read.1.tlog
C:\C++\FaceDetection\CNN\Debug\link.9452.write.1.tlog
C:\C++\FaceDetection\CNN\Debug\link.9452-cvtres.read.1.tlog
C:\C++\FaceDetection\CNN\Debug\link.9452-cvtres.write.1.tlog
C:\C++\FaceDetection\CNN\Debug\link.9868.read.1.tlog
C:\C++\FaceDetection\CNN\Debug\link.9868.write.1.tlog
C:\C++\FaceDetection\CNN\Debug\link.9868-cvtres.read.1.tlog
C:\C++\FaceDetection\CNN\Debug\link.9868-cvtres.write.1.tlog
C:\C++\FaceDetection\CNN\Debug\link.command.1.tlog
C:\C++\FaceDetection\CNN\Debug\link.read.1.tlog
C:\C++\FaceDetection\CNN\Debug\link.write.1.tlog
C:\C++\FaceDetection\CNN\Debug\link-cvtres.read.1.tlog
C:\C++\FaceDetection\CNN\Debug\link-cvtres.write.1.tlog
C:\C++\FaceDetection\CNN\Debug\mt.command.1.tlog
C:\C++\FaceDetection\CNN\Debug\mt.read.1.tlog
C:\C++\FaceDetection\CNN\Debug\mt.write.1.tlog
C:\C++\FaceDetection\CNN\Debug\rc.command.1.tlog
C:\C++\FaceDetection\CNN\Debug\rc.read.1.tlog
C:\C++\FaceDetection\CNN\Debug\rc.write.1.tlog
C:\C++\FACEDETECTION\CNN\DEBUG\STDAFX.OBJ
C:\C++\FaceDetection\CNN\Debug\vc100.idb
C:\C++\FACEDETECTION\CNN\DEBUG\VC100.PDB
C:\C++\FACEDETECTION\DEBUG\CNN.EXE
C:\C++\FACEDETECTION\DEBUG\CNN.ILK
C:\C++\FACEDETECTION\DEBUG\CNN.PDB
