Build started 12/29/2013 11:08:13 AM.
     1>Project "C:\C++\FaceDetection\CNN\CNN.vcxproj" on node 2 (build target(s)).
     1>InitializeBuildStatus:
         Creating "Debug\CNN.unsuccessfulbuild" because "AlwaysCreate" was specified.
       ClCompile:
         All outputs are up-to-date.
         c:\Program Files (x86)\Microsoft Visual Studio 10.0\VC\bin\CL.exe /c /ZI /nologo /W3 /WX- /Od /Oy- /D WIN32 /D _DEBUG /D _CONSOLE /D _UNICODE /D UNICODE /Gm /EHsc /RTC1 /MDd /GS /fp:precise /Zc:wchar_t /Zc:forScope /Yu"StdAfx.h" /Fp"Debug\CNN.pch" /Fo"Debug\\" /Fd"Debug\vc100.pdb" /Gd /TP /analyze- /errorReport:prompt CNN.cpp
         CNN.cpp
     1>c:\c++\facedetection\cnn\cnn.h(384): warning C4258: 'j' : definition from the for loop is ignored; the definition from the enclosing scope is used
                 c:\c++\facedetection\cnn\cnn.h(378) : definition of 'j' ignored
                 c:\c++\facedetection\cnn\cnn.h(375) : definition of 'j' used
     1>c:\c++\facedetection\cnn\cnn.h(396): warning C4258: 'j' : definition from the for loop is ignored; the definition from the enclosing scope is used
                 c:\c++\facedetection\cnn\cnn.h(390) : definition of 'j' ignored
                 c:\c++\facedetection\cnn\cnn.h(375) : definition of 'j' used
     1>c:\c++\facedetection\cnn\cnn.h(287): warning C4101: 'data' : unreferenced local variable
     1>c:\c++\facedetection\cnn\cnn.h(633): warning C4244: 'argument' : conversion from 'double' to 'float', possible loss of data
     1>c:\c++\facedetection\cnn\cnn.h(670): warning C4018: '<' : signed/unsigned mismatch
     1>c:\c++\facedetection\cnn\cnn.h(682): warning C4018: '<' : signed/unsigned mismatch
     1>c:\c++\facedetection\cnn\cnn.h(696): warning C4018: '<' : signed/unsigned mismatch
     1>c:\c++\facedetection\cnn\cnn.h(726): warning C4018: '<' : signed/unsigned mismatch
     1>c:\c++\facedetection\cnn\cnn.h(661): warning C4101: 'test' : unreferenced local variable
     1>c:\c++\facedetection\cnn\cnn.h(987): warning C4244: '=' : conversion from 'double' to 'float', possible loss of data
     1>c:\c++\facedetection\cnn\cnn.h(1040): warning C4244: '=' : conversion from 'double' to 'float', possible loss of data
     1>c:\c++\facedetection\cnn\cnn.h(1054): warning C4244: '=' : conversion from 'double' to 'float', possible loss of data
     1>c:\c++\facedetection\cnn\cnn.cpp(48): warning C4244: 'argument' : conversion from 'time_t' to 'unsigned int', possible loss of data
     1>c:\c++\facedetection\cnn\cnn.cpp(104): warning C4244: 'argument' : conversion from 'double' to 'float', possible loss of data
     1>c:\c++\facedetection\cnn\cnn.cpp(104): warning C4244: '=' : conversion from 'float' to 'ebmpBYTE', possible loss of data
     1>c:\c++\facedetection\cnn\cnn.cpp(105): warning C4244: 'argument' : conversion from 'double' to 'float', possible loss of data
     1>c:\c++\facedetection\cnn\cnn.cpp(105): warning C4244: '=' : conversion from 'float' to 'ebmpBYTE', possible loss of data
     1>c:\c++\facedetection\cnn\cnn.cpp(106): warning C4244: 'argument' : conversion from 'double' to 'float', possible loss of data
     1>c:\c++\facedetection\cnn\cnn.cpp(106): warning C4244: '=' : conversion from 'float' to 'ebmpBYTE', possible loss of data
     1>c:\c++\facedetection\cnn\cnn.cpp(127): warning C4244: 'argument' : conversion from 'double' to 'float', possible loss of data
     1>c:\c++\facedetection\cnn\cnn.cpp(127): warning C4244: '=' : conversion from 'float' to 'ebmpBYTE', possible loss of data
     1>c:\c++\facedetection\cnn\cnn.cpp(128): warning C4244: 'argument' : conversion from 'double' to 'float', possible loss of data
     1>c:\c++\facedetection\cnn\cnn.cpp(128): warning C4244: '=' : conversion from 'float' to 'ebmpBYTE', possible loss of data
     1>c:\c++\facedetection\cnn\cnn.cpp(129): warning C4244: 'argument' : conversion from 'double' to 'float', possible loss of data
     1>c:\c++\facedetection\cnn\cnn.cpp(129): warning C4244: '=' : conversion from 'float' to 'ebmpBYTE', possible loss of data
     1>c:\c++\facedetection\cnn\cnn.cpp(146): warning C4244: 'argument' : conversion from 'double' to 'float', possible loss of data
     1>c:\c++\facedetection\cnn\cnn.cpp(146): warning C4244: '=' : conversion from 'float' to 'ebmpBYTE', possible loss of data
     1>c:\c++\facedetection\cnn\cnn.cpp(147): warning C4244: 'argument' : conversion from 'double' to 'float', possible loss of data
     1>c:\c++\facedetection\cnn\cnn.cpp(147): warning C4244: '=' : conversion from 'float' to 'ebmpBYTE', possible loss of data
     1>c:\c++\facedetection\cnn\cnn.cpp(148): warning C4244: 'argument' : conversion from 'double' to 'float', possible loss of data
     1>c:\c++\facedetection\cnn\cnn.cpp(148): warning C4244: '=' : conversion from 'float' to 'ebmpBYTE', possible loss of data
       ManifestResourceCompile:
         All outputs are up-to-date.
       Link:
         c:\Program Files (x86)\Microsoft Visual Studio 10.0\VC\bin\link.exe /ERRORREPORT:PROMPT /OUT:"C:\C++\FaceDetection\Debug\CNN.exe" /INCREMENTAL /NOLOGO kernel32.lib user32.lib gdi32.lib winspool.lib comdlg32.lib advapi32.lib shell32.lib ole32.lib oleaut32.lib uuid.lib odbc32.lib odbccp32.lib /MANIFEST /ManifestFile:"Debug\CNN.exe.intermediate.manifest" /MANIFESTUAC:"level='asInvoker' uiAccess='false'" /DEBUG /PDB:"C:\C++\FaceDetection\Debug\CNN.pdb" /SUBSYSTEM:CONSOLE /TLBID:1 /DYNAMICBASE /NXCOMPAT /IMPLIB:"C:\C++\FaceDetection\Debug\CNN.lib" /MACHINE:X86 Debug\CNN.exe.embed.manifest.res
         Debug\CNN.obj
         Debug\EasyBMP.obj
         Debug\stdafx.obj
       Manifest:
         C:\Program Files (x86)\Microsoft SDKs\Windows\v7.0A\bin\mt.exe /nologo /verbose /out:"Debug\CNN.exe.embed.manifest" /manifest Debug\CNN.exe.intermediate.manifest
         All outputs are up-to-date.
       LinkEmbedManifest:
         All outputs are up-to-date.
         CNN.vcxproj -> C:\C++\FaceDetection\Debug\CNN.exe
       FinalizeBuildStatus:
         Deleting file "Debug\CNN.unsuccessfulbuild".
         Touching "Debug\CNN.lastbuildstate".
     1>Done Building Project "C:\C++\FaceDetection\CNN\CNN.vcxproj" (build target(s)).

Build succeeded.

Time Elapsed 00:00:03.74
