C:\C++\SOM\DEBUG\SOM.EXE
C:\C++\SOM\DEBUG\SOM.ILK
C:\C++\SOM\DEBUG\SOM.PDB
C:\C++\SOM\SOM\Debug\cl.command.1.tlog
C:\C++\SOM\SOM\Debug\CL.read.1.tlog
C:\C++\SOM\SOM\Debug\CL.write.1.tlog
C:\C++\SOM\SOM\DEBUG\EASYBMP.OBJ
C:\C++\SOM\SOM\Debug\link.10556.read.1.tlog
C:\C++\SOM\SOM\Debug\link.10556.write.1.tlog
C:\C++\SOM\SOM\Debug\link.10556-cvtres.read.1.tlog
C:\C++\SOM\SOM\Debug\link.10556-cvtres.write.1.tlog
C:\C++\SOM\SOM\Debug\link.10964.read.1.tlog
C:\C++\SOM\SOM\Debug\link.10964.write.1.tlog
C:\C++\SOM\SOM\Debug\link.10964-cvtres.read.1.tlog
C:\C++\SOM\SOM\Debug\link.10964-cvtres.write.1.tlog
C:\C++\SOM\SOM\Debug\link.1440.read.1.tlog
C:\C++\SOM\SOM\Debug\link.1440.write.1.tlog
C:\C++\SOM\SOM\Debug\link.1440-cvtres.read.1.tlog
C:\C++\SOM\SOM\Debug\link.1440-cvtres.write.1.tlog
C:\C++\SOM\SOM\Debug\link.16376.read.1.tlog
C:\C++\SOM\SOM\Debug\link.16376.write.1.tlog
C:\C++\SOM\SOM\Debug\link.16376-cvtres.read.1.tlog
C:\C++\SOM\SOM\Debug\link.16376-cvtres.write.1.tlog
C:\C++\SOM\SOM\Debug\link.17260.read.1.tlog
C:\C++\SOM\SOM\Debug\link.17260.write.1.tlog
C:\C++\SOM\SOM\Debug\link.17260-cvtres.read.1.tlog
C:\C++\SOM\SOM\Debug\link.17260-cvtres.write.1.tlog
C:\C++\SOM\SOM\Debug\link.9896.read.1.tlog
C:\C++\SOM\SOM\Debug\link.9896.write.1.tlog
C:\C++\SOM\SOM\Debug\link.9896-cvtres.read.1.tlog
C:\C++\SOM\SOM\Debug\link.9896-cvtres.write.1.tlog
C:\C++\SOM\SOM\Debug\link.command.1.tlog
C:\C++\SOM\SOM\Debug\link.read.1.tlog
C:\C++\SOM\SOM\Debug\link.write.1.tlog
C:\C++\SOM\SOM\Debug\link-cvtres.read.1.tlog
C:\C++\SOM\SOM\Debug\link-cvtres.write.1.tlog
C:\C++\SOM\SOM\Debug\mt.command.1.tlog
C:\C++\SOM\SOM\Debug\mt.read.1.tlog
C:\C++\SOM\SOM\Debug\mt.write.1.tlog
C:\C++\SOM\SOM\Debug\rc.command.1.tlog
C:\C++\SOM\SOM\Debug\rc.read.1.tlog
C:\C++\SOM\SOM\Debug\rc.write.1.tlog
C:\C++\SOM\SOM\DEBUG\SOM.EXE.EMBED.MANIFEST
C:\C++\SOM\SOM\DEBUG\SOM.EXE.EMBED.MANIFEST.RES
C:\C++\SOM\SOM\DEBUG\SOM.EXE.INTERMEDIATE.MANIFEST
C:\C++\SOM\SOM\DEBUG\SOM.OBJ
C:\C++\SOM\SOM\DEBUG\SOM.PCH
C:\C++\SOM\SOM\Debug\SOM.vcxprojResolveAssemblyReference.cache
C:\C++\SOM\SOM\Debug\SOM.write.1.tlog
C:\C++\SOM\SOM\Debug\SOM_manifest.rc
C:\C++\SOM\SOM\DEBUG\STDAFX.OBJ
C:\C++\SOM\SOM\Debug\vc100.idb
C:\C++\SOM\SOM\DEBUG\VC100.PDB
