Build started 3/5/2014 7:49:59 PM.
     1>Project "C:\C++\FaceDetection\SOMClassifierC\SOMClassifierC.vcxproj" on node 2 (build target(s)).
     1>InitializeBuildStatus:
         Creating "Debug\SOMClassifierC.unsuccessfulbuild" because "AlwaysCreate" was specified.
       ClCompile:
         All outputs are up-to-date.
         c:\Program Files (x86)\Microsoft Visual Studio 10.0\VC\bin\CL.exe /c /ZI /nologo /W3 /WX- /Od /Oy- /D WIN32 /D _DEBUG /D _CONSOLE /D _UNICODE /D UNICODE /Gm /EHsc /RTC1 /MDd /GS /fp:precise /Zc:wchar_t /Zc:forScope /Yu"StdAfx.h" /Fp"Debug\SOMClassifierC.pch" /Fo"Debug\\" /Fd"Debug\vc100.pdb" /Gd /TP /analyze- /errorReport:prompt SOMClassifierC.cpp
         SOMClassifierC.cpp
     1>c:\c++\facedetection\somclassifierc\somclassifierc.cpp(25): warning C4305: 'initializing' : truncation from 'double' to 'float'
     1>c:\c++\facedetection\somclassifierc\somclassifierc.cpp(116): warning C4244: 'return' : conversion from 'double' to 'float', possible loss of data
     1>c:\c++\facedetection\somclassifierc\somclassifierc.cpp(179): warning C4244: '=' : conversion from 'double' to 'float', possible loss of data
     1>c:\c++\facedetection\somclassifierc\somclassifierc.cpp(190): warning C4244: '=' : conversion from 'double' to 'float', possible loss of data
     1>c:\c++\facedetection\somclassifierc\somclassifierc.cpp(198): warning C4244: '=' : conversion from 'double' to 'float', possible loss of data
     1>c:\c++\facedetection\somclassifierc\somclassifierc.cpp(146): warning C4101: 'winningNeuron' : unreferenced local variable
     1>c:\c++\facedetection\somclassifierc\somclassifierc.cpp(245): warning C4244: 'argument' : conversion from 'float' to 'int', possible loss of data
     1>c:\c++\facedetection\somclassifierc\somclassifierc.cpp(245): warning C4244: '=' : conversion from 'double' to 'float', possible loss of data
     1>c:\c++\facedetection\somclassifierc\somclassifierc.cpp(246): warning C4244: 'argument' : conversion from 'float' to 'int', possible loss of data
     1>c:\c++\facedetection\somclassifierc\somclassifierc.cpp(246): warning C4244: '=' : conversion from 'double' to 'float', possible loss of data
     1>c:\c++\facedetection\somclassifierc\somclassifierc.cpp(257): warning C4244: '=' : conversion from 'double' to 'float', possible loss of data
     1>c:\c++\facedetection\somclassifierc\somclassifierc.cpp(265): warning C4244: '=' : conversion from 'double' to 'float', possible loss of data
     1>c:\c++\facedetection\somclassifierc\somclassifierc.cpp(215): warning C4101: 'winningNeuron' : unreferenced local variable
     1>c:\c++\facedetection\somclassifierc\somclassifierc.cpp(298): warning C4244: '=' : conversion from 'double' to 'float', possible loss of data
     1>c:\c++\facedetection\somclassifierc\somclassifierc.cpp(309): warning C4244: '=' : conversion from 'float' to 'ebmpBYTE', possible loss of data
     1>c:\c++\facedetection\somclassifierc\somclassifierc.cpp(310): warning C4244: '=' : conversion from 'float' to 'ebmpBYTE', possible loss of data
     1>c:\c++\facedetection\somclassifierc\somclassifierc.cpp(311): warning C4244: '=' : conversion from 'float' to 'ebmpBYTE', possible loss of data
     1>c:\c++\facedetection\somclassifierc\somclassifierc.cpp(329): warning C4244: 'argument' : conversion from 'time_t' to 'unsigned int', possible loss of data
     1>c:\c++\facedetection\somclassifierc\somclassifierc.cpp(343): warning C4305: 'argument' : truncation from 'double' to 'float'
       ManifestResourceCompile:
         All outputs are up-to-date.
       Link:
         c:\Program Files (x86)\Microsoft Visual Studio 10.0\VC\bin\link.exe /ERRORREPORT:PROMPT /OUT:"C:\C++\FaceDetection\Debug\SOMClassifierC.exe" /INCREMENTAL /NOLOGO kernel32.lib user32.lib gdi32.lib winspool.lib comdlg32.lib advapi32.lib shell32.lib ole32.lib oleaut32.lib uuid.lib odbc32.lib odbccp32.lib /MANIFEST /ManifestFile:"Debug\SOMClassifierC.exe.intermediate.manifest" /MANIFESTUAC:"level='asInvoker' uiAccess='false'" /DEBUG /PDB:"C:\C++\FaceDetection\Debug\SOMClassifierC.pdb" /SUBSYSTEM:CONSOLE /TLBID:1 /DYNAMICBASE /NXCOMPAT /IMPLIB:"C:\C++\FaceDetection\Debug\SOMClassifierC.lib" /MACHINE:X86 Debug\SOMClassifierC.exe.embed.manifest.res
         Debug\EasyBMP.obj
         Debug\SOMClassifierC.obj
         Debug\stdafx.obj
       Manifest:
         C:\Program Files (x86)\Microsoft SDKs\Windows\v7.0A\bin\mt.exe /nologo /verbose /out:"Debug\SOMClassifierC.exe.embed.manifest" /manifest Debug\SOMClassifierC.exe.intermediate.manifest
         All outputs are up-to-date.
       LinkEmbedManifest:
         All outputs are up-to-date.
         SOMClassifierC.vcxproj -> C:\C++\FaceDetection\Debug\SOMClassifierC.exe
       FinalizeBuildStatus:
         Deleting file "Debug\SOMClassifierC.unsuccessfulbuild".
         Touching "Debug\SOMClassifierC.lastbuildstate".
     1>Done Building Project "C:\C++\FaceDetection\SOMClassifierC\SOMClassifierC.vcxproj" (build target(s)).

Build succeeded.

Time Elapsed 00:00:01.71
